1770658784.387917 client started (11423): version 3.5a, socket /private/tmp/tmux-501/default, protocol 8
1770658784.388020 on Darwin 24.6.0 Darwin Kernel Version 24.6.0: Wed Nov  5 21:33:58 PST 2025; root:xnu-11417.140.69.705.2~1/RELEASE_ARM64_T6000
1770658784.388036 using libevent 2.1.12-stable select
1770658784.388082 using utf8proc 2.10.0
1770658784.388090 using ncurses 6.5 20240427
1770658784.388115 flags are 0x10010000
1770658784.388123 socket is /private/tmp/tmux-501/default
1770658784.388196 trying connect
1770658784.388344 add peer 0x120008000: 6 (0x0)
1770658784.389770 sending message 111 to peer 0x120008000 (8 bytes)
1770658784.389781 sending message 111 to peer 0x120008000 (8 bytes)
1770658784.389786 sending message 101 to peer 0x120008000 (14 bytes)
1770658784.389790 sending message 109 to peer 0x120008000 (4 bytes)
1770658784.389793 sending message 102 to peer 0x120008000 (13 bytes)
1770658784.389796 sending message 108 to peer 0x120008000 (28 bytes)
1770658784.389799 sending message 112 to peer 0x120008000 (70 bytes)
1770658784.389802 sending message 112 to peer 0x120008000 (5 bytes)
1770658784.389805 sending message 112 to peer 0x120008000 (5 bytes)
1770658784.389809 sending message 112 to peer 0x120008000 (6 bytes)
1770658784.389812 sending message 112 to peer 0x120008000 (6 bytes)
1770658784.389814 sending message 112 to peer 0x120008000 (11 bytes)
1770658784.389817 sending message 112 to peer 0x120008000 (10 bytes)
1770658784.389821 sending message 112 to peer 0x120008000 (13 bytes)
1770658784.389824 sending message 112 to peer 0x120008000 (13 bytes)
1770658784.389826 sending message 112 to peer 0x120008000 (18 bytes)
1770658784.389829 sending message 112 to peer 0x120008000 (11 bytes)
1770658784.389832 sending message 112 to peer 0x120008000 (10 bytes)
1770658784.389835 sending message 112 to peer 0x120008000 (15 bytes)
1770658784.389838 sending message 112 to peer 0x120008000 (21 bytes)
1770658784.389841 sending message 112 to peer 0x120008000 (13 bytes)
1770658784.389844 sending message 112 to peer 0x120008000 (7 bytes)
1770658784.389847 sending message 112 to peer 0x120008000 (13 bytes)
1770658784.389850 sending message 112 to peer 0x120008000 (7 bytes)
1770658784.389853 sending message 112 to peer 0x120008000 (13 bytes)
1770658784.389856 sending message 112 to peer 0x120008000 (9 bytes)
1770658784.389859 sending message 112 to peer 0x120008000 (21 bytes)
1770658784.389861 sending message 112 to peer 0x120008000 (13 bytes)
1770658784.389865 sending message 112 to peer 0x120008000 (8 bytes)
1770658784.389867 sending message 112 to peer 0x120008000 (12 bytes)
1770658784.389870 sending message 112 to peer 0x120008000 (13 bytes)
1770658784.389873 sending message 112 to peer 0x120008000 (9 bytes)
1770658784.389876 sending message 112 to peer 0x120008000 (9 bytes)
1770658784.389879 sending message 112 to peer 0x120008000 (12 bytes)
1770658784.389882 sending message 112 to peer 0x120008000 (8 bytes)
1770658784.389885 sending message 112 to peer 0x120008000 (8 bytes)
1770658784.389888 sending message 112 to peer 0x120008000 (7 bytes)
1770658784.389891 sending message 112 to peer 0x120008000 (7 bytes)
1770658784.389895 sending message 112 to peer 0x120008000 (9 bytes)
1770658784.389898 sending message 112 to peer 0x120008000 (13 bytes)
1770658784.389900 sending message 112 to peer 0x120008000 (6 bytes)
1770658784.389904 sending message 112 to peer 0x120008000 (9 bytes)
1770658784.389907 sending message 112 to peer 0x120008000 (15 bytes)
1770658784.389910 sending message 112 to peer 0x120008000 (13 bytes)
1770658784.389913 sending message 112 to peer 0x120008000 (12 bytes)
1770658784.389916 sending message 112 to peer 0x120008000 (8 bytes)
1770658784.389919 sending message 112 to peer 0x120008000 (14 bytes)
1770658784.389922 sending message 112 to peer 0x120008000 (11 bytes)
1770658784.389925 sending message 112 to peer 0x120008000 (9 bytes)
1770658784.389928 sending message 112 to peer 0x120008000 (10 bytes)
1770658784.389931 sending message 112 to peer 0x120008000 (10 bytes)
1770658784.389934 sending message 112 to peer 0x120008000 (10 bytes)
1770658784.389949 sending message 112 to peer 0x120008000 (10 bytes)
1770658784.389951 sending message 112 to peer 0x120008000 (11 bytes)
1770658784.389953 sending message 112 to peer 0x120008000 (12 bytes)
1770658784.389955 sending message 112 to peer 0x120008000 (12 bytes)
1770658784.389957 sending message 112 to peer 0x120008000 (12 bytes)
1770658784.389959 sending message 112 to peer 0x120008000 (12 bytes)
1770658784.389961 sending message 112 to peer 0x120008000 (12 bytes)
1770658784.389964 sending message 112 to peer 0x120008000 (11 bytes)
1770658784.389966 sending message 112 to peer 0x120008000 (11 bytes)
1770658784.389968 sending message 112 to peer 0x120008000 (12 bytes)
1770658784.389970 sending message 112 to peer 0x120008000 (12 bytes)
1770658784.389972 sending message 112 to peer 0x120008000 (12 bytes)
1770658784.389974 sending message 112 to peer 0x120008000 (12 bytes)
1770658784.389976 sending message 112 to peer 0x120008000 (12 bytes)
1770658784.389978 sending message 112 to peer 0x120008000 (10 bytes)
1770658784.389980 sending message 112 to peer 0x120008000 (12 bytes)
1770658784.389982 sending message 112 to peer 0x120008000 (13 bytes)
1770658784.389984 sending message 112 to peer 0x120008000 (13 bytes)
1770658784.389986 sending message 112 to peer 0x120008000 (13 bytes)
1770658784.389988 sending message 112 to peer 0x120008000 (13 bytes)
1770658784.389990 sending message 112 to peer 0x120008000 (13 bytes)
1770658784.389992 sending message 112 to peer 0x120008000 (8 bytes)
1770658784.389994 sending message 112 to peer 0x120008000 (11 bytes)
1770658784.389996 sending message 112 to peer 0x120008000 (11 bytes)
1770658784.389999 sending message 112 to peer 0x120008000 (11 bytes)
1770658784.390001 sending message 112 to peer 0x120008000 (12 bytes)
1770658784.390003 sending message 112 to peer 0x120008000 (12 bytes)
1770658784.390005 sending message 112 to peer 0x120008000 (12 bytes)
1770658784.390007 sending message 112 to peer 0x120008000 (12 bytes)
1770658784.390009 sending message 112 to peer 0x120008000 (13 bytes)
1770658784.390011 sending message 112 to peer 0x120008000 (13 bytes)
1770658784.390013 sending message 112 to peer 0x120008000 (13 bytes)
1770658784.390015 sending message 112 to peer 0x120008000 (8 bytes)
1770658784.390017 sending message 112 to peer 0x120008000 (13 bytes)
1770658784.390019 sending message 112 to peer 0x120008000 (13 bytes)
1770658784.390021 sending message 112 to peer 0x120008000 (13 bytes)
1770658784.390023 sending message 112 to peer 0x120008000 (13 bytes)
1770658784.390025 sending message 112 to peer 0x120008000 (13 bytes)
1770658784.390027 sending message 112 to peer 0x120008000 (12 bytes)
1770658784.390029 sending message 112 to peer 0x120008000 (12 bytes)
1770658784.390031 sending message 112 to peer 0x120008000 (12 bytes)
1770658784.390033 sending message 112 to peer 0x120008000 (12 bytes)
1770658784.390035 sending message 112 to peer 0x120008000 (13 bytes)
1770658784.390037 sending message 112 to peer 0x120008000 (8 bytes)
1770658784.390039 sending message 112 to peer 0x120008000 (13 bytes)
1770658784.390041 sending message 112 to peer 0x120008000 (13 bytes)
1770658784.390043 sending message 112 to peer 0x120008000 (13 bytes)
1770658784.390046 sending message 112 to peer 0x120008000 (13 bytes)
1770658784.390048 sending message 112 to peer 0x120008000 (13 bytes)
1770658784.390050 sending message 112 to peer 0x120008000 (13 bytes)
1770658784.390052 sending message 112 to peer 0x120008000 (13 bytes)
1770658784.390054 sending message 112 to peer 0x120008000 (12 bytes)
1770658784.390056 sending message 112 to peer 0x120008000 (12 bytes)
1770658784.390058 sending message 112 to peer 0x120008000 (12 bytes)
1770658784.390060 sending message 112 to peer 0x120008000 (8 bytes)
1770658784.390062 sending message 112 to peer 0x120008000 (12 bytes)
1770658784.390064 sending message 112 to peer 0x120008000 (13 bytes)
1770658784.390066 sending message 112 to peer 0x120008000 (13 bytes)
1770658784.390068 sending message 112 to peer 0x120008000 (13 bytes)
1770658784.390078 sending message 112 to peer 0x120008000 (13 bytes)
1770658784.390080 sending message 112 to peer 0x120008000 (13 bytes)
1770658784.390082 sending message 112 to peer 0x120008000 (13 bytes)
1770658784.390084 sending message 112 to peer 0x120008000 (13 bytes)
1770658784.390086 sending message 112 to peer 0x120008000 (13 bytes)
1770658784.390088 sending message 112 to peer 0x120008000 (12 bytes)
1770658784.390090 sending message 112 to peer 0x120008000 (10 bytes)
1770658784.390092 sending message 112 to peer 0x120008000 (12 bytes)
1770658784.390094 sending message 112 to peer 0x120008000 (12 bytes)
1770658784.390096 sending message 112 to peer 0x120008000 (12 bytes)
1770658784.390098 sending message 112 to peer 0x120008000 (13 bytes)
1770658784.390101 sending message 112 to peer 0x120008000 (13 bytes)
1770658784.390103 sending message 112 to peer 0x120008000 (13 bytes)
1770658784.390105 sending message 112 to peer 0x120008000 (13 bytes)
1770658784.390107 sending message 112 to peer 0x120008000 (13 bytes)
1770658784.390110 sending message 112 to peer 0x120008000 (13 bytes)
1770658784.390112 sending message 112 to peer 0x120008000 (13 bytes)
1770658784.390114 sending message 112 to peer 0x120008000 (10 bytes)
1770658784.390116 sending message 112 to peer 0x120008000 (13 bytes)
1770658784.390118 sending message 112 to peer 0x120008000 (12 bytes)
1770658784.390120 sending message 112 to peer 0x120008000 (12 bytes)
1770658784.390122 sending message 112 to peer 0x120008000 (12 bytes)
1770658784.390124 sending message 112 to peer 0x120008000 (10 bytes)
1770658784.390126 sending message 112 to peer 0x120008000 (10 bytes)
1770658784.390128 sending message 112 to peer 0x120008000 (10 bytes)
1770658784.390130 sending message 112 to peer 0x120008000 (12 bytes)
1770658784.390132 sending message 112 to peer 0x120008000 (13 bytes)
1770658784.390135 sending message 112 to peer 0x120008000 (13 bytes)
1770658784.390137 sending message 112 to peer 0x120008000 (13 bytes)
1770658784.390139 sending message 112 to peer 0x120008000 (13 bytes)
1770658784.390142 sending message 112 to peer 0x120008000 (13 bytes)
1770658784.390144 sending message 112 to peer 0x120008000 (11 bytes)
1770658784.390146 sending message 112 to peer 0x120008000 (11 bytes)
1770658784.390148 sending message 112 to peer 0x120008000 (12 bytes)
1770658784.390150 sending message 112 to peer 0x120008000 (12 bytes)
1770658784.390152 sending message 112 to peer 0x120008000 (12 bytes)
1770658784.390154 sending message 112 to peer 0x120008000 (12 bytes)
1770658784.390156 sending message 112 to peer 0x120008000 (12 bytes)
1770658784.390159 sending message 112 to peer 0x120008000 (11 bytes)
1770658784.390161 sending message 112 to peer 0x120008000 (12 bytes)
1770658784.390163 sending message 112 to peer 0x120008000 (12 bytes)
1770658784.390165 sending message 112 to peer 0x120008000 (13 bytes)
1770658784.390167 sending message 112 to peer 0x120008000 (13 bytes)
1770658784.390169 sending message 112 to peer 0x120008000 (13 bytes)
1770658784.390171 sending message 112 to peer 0x120008000 (13 bytes)
1770658784.390173 sending message 112 to peer 0x120008000 (13 bytes)
1770658784.390175 sending message 112 to peer 0x120008000 (10 bytes)
1770658784.390177 sending message 112 to peer 0x120008000 (9 bytes)
1770658784.390179 sending message 112 to peer 0x120008000 (12 bytes)
1770658784.390182 sending message 112 to peer 0x120008000 (13 bytes)
1770658784.390184 sending message 112 to peer 0x120008000 (13 bytes)
1770658784.390186 sending message 112 to peer 0x120008000 (13 bytes)
1770658784.390188 sending message 112 to peer 0x120008000 (13 bytes)
1770658784.390190 sending message 112 to peer 0x120008000 (13 bytes)
1770658784.390192 sending message 112 to peer 0x120008000 (9 bytes)
1770658784.390194 sending message 112 to peer 0x120008000 (12 bytes)
1770658784.390196 sending message 112 to peer 0x120008000 (13 bytes)
1770658784.390198 sending message 112 to peer 0x120008000 (13 bytes)
1770658784.390200 sending message 112 to peer 0x120008000 (13 bytes)
1770658784.390203 sending message 112 to peer 0x120008000 (13 bytes)
1770658784.390208 sending message 112 to peer 0x120008000 (13 bytes)
1770658784.390210 sending message 112 to peer 0x120008000 (11 bytes)
1770658784.390212 sending message 112 to peer 0x120008000 (12 bytes)
1770658784.390214 sending message 112 to peer 0x120008000 (13 bytes)
1770658784.390217 sending message 112 to peer 0x120008000 (13 bytes)
1770658784.390219 sending message 112 to peer 0x120008000 (13 bytes)
1770658784.390221 sending message 112 to peer 0x120008000 (13 bytes)
1770658784.390223 sending message 112 to peer 0x120008000 (13 bytes)
1770658784.390225 sending message 112 to peer 0x120008000 (11 bytes)
1770658784.390227 sending message 112 to peer 0x120008000 (12 bytes)
1770658784.390229 sending message 112 to peer 0x120008000 (12 bytes)
1770658784.390231 sending message 112 to peer 0x120008000 (12 bytes)
1770658784.390233 sending message 112 to peer 0x120008000 (12 bytes)
1770658784.390235 sending message 112 to peer 0x120008000 (12 bytes)
1770658784.390237 sending message 112 to peer 0x120008000 (21 bytes)
1770658784.390239 sending message 112 to peer 0x120008000 (12 bytes)
1770658784.390241 sending message 112 to peer 0x120008000 (9 bytes)
1770658784.390243 sending message 112 to peer 0x120008000 (6 bytes)
1770658784.390245 sending message 112 to peer 0x120008000 (13 bytes)
1770658784.390247 sending message 112 to peer 0x120008000 (8 bytes)
1770658784.390249 sending message 112 to peer 0x120008000 (15 bytes)
1770658784.390251 sending message 112 to peer 0x120008000 (13 bytes)
1770658784.390253 sending message 112 to peer 0x120008000 (9 bytes)
1770658784.390255 sending message 112 to peer 0x120008000 (70 bytes)
1770658784.390258 sending message 112 to peer 0x120008000 (69 bytes)
1770658784.390260 sending message 112 to peer 0x120008000 (10 bytes)
1770658784.390262 sending message 112 to peer 0x120008000 (10 bytes)
1770658784.390264 sending message 112 to peer 0x120008000 (8 bytes)
1770658784.390266 sending message 112 to peer 0x120008000 (15 bytes)
1770658784.390268 sending message 112 to peer 0x120008000 (13 bytes)
1770658784.390270 sending message 112 to peer 0x120008000 (10 bytes)
1770658784.390272 sending message 112 to peer 0x120008000 (10 bytes)
1770658784.390274 sending message 112 to peer 0x120008000 (17 bytes)
1770658784.390276 sending message 112 to peer 0x120008000 (10 bytes)
1770658784.390278 sending message 112 to peer 0x120008000 (13 bytes)
1770658784.390280 sending message 112 to peer 0x120008000 (9 bytes)
1770658784.390282 sending message 112 to peer 0x120008000 (5 bytes)
1770658784.390284 sending message 112 to peer 0x120008000 (15 bytes)
1770658784.390287 sending message 104 to peer 0x120008000 (0 bytes)
1770658784.390290 sending message 110 to peer 0x120008000 (0 bytes)
1770658784.390292 sending message 107 to peer 0x120008000 (4 bytes)
1770658784.390294 sending message 105 to peer 0x120008000 (20 bytes)
1770658784.390296 sending message 105 to peer 0x120008000 (22 bytes)
1770658784.390298 sending message 105 to peer 0x120008000 (20 bytes)
1770658784.390300 sending message 105 to peer 0x120008000 (37 bytes)
1770658784.390302 sending message 105 to peer 0x120008000 (30 bytes)
1770658784.390304 sending message 105 to peer 0x120008000 (34 bytes)
1770658784.390306 sending message 105 to peer 0x120008000 (60 bytes)
1770658784.390308 sending message 105 to peer 0x120008000 (72 bytes)
1770658784.390310 sending message 105 to peer 0x120008000 (15 bytes)
1770658784.390312 sending message 105 to peer 0x120008000 (60 bytes)
1770658784.390314 sending message 105 to peer 0x120008000 (18 bytes)
1770658784.390316 sending message 105 to peer 0x120008000 (17 bytes)
1770658784.390318 sending message 105 to peer 0x120008000 (8 bytes)
1770658784.390320 sending message 105 to peer 0x120008000 (16 bytes)
1770658784.390322 sending message 105 to peer 0x120008000 (32 bytes)
1770658784.390325 sending message 105 to peer 0x120008000 (96 bytes)
1770658784.390327 sending message 105 to peer 0x120008000 (54 bytes)
1770658784.390329 sending message 105 to peer 0x120008000 (199 bytes)
1770658784.390336 sending message 105 to peer 0x120008000 (55 bytes)
1770658784.390339 sending message 105 to peer 0x120008000 (16 bytes)
1770658784.390341 sending message 105 to peer 0x120008000 (28 bytes)
1770658784.390343 sending message 105 to peer 0x120008000 (64 bytes)
1770658784.390345 sending message 105 to peer 0x120008000 (35 bytes)
1770658784.390347 sending message 105 to peer 0x120008000 (11 bytes)
1770658784.390349 sending message 105 to peer 0x120008000 (853 bytes)
1770658784.390352 sending message 105 to peer 0x120008000 (92 bytes)
1770658784.390354 sending message 105 to peer 0x120008000 (32 bytes)
1770658784.390356 sending message 105 to peer 0x120008000 (24 bytes)
1770658784.390358 sending message 105 to peer 0x120008000 (15 bytes)
1770658784.390360 sending message 105 to peer 0x120008000 (8 bytes)
1770658784.390362 sending message 105 to peer 0x120008000 (66 bytes)
1770658784.390364 sending message 105 to peer 0x120008000 (19 bytes)
1770658784.390366 sending message 105 to peer 0x120008000 (67 bytes)
1770658784.390370 sending message 105 to peer 0x120008000 (18 bytes)
1770658784.390373 sending message 105 to peer 0x120008000 (26 bytes)
1770658784.390375 sending message 105 to peer 0x120008000 (57 bytes)
1770658784.390377 sending message 105 to peer 0x120008000 (43 bytes)
1770658784.390379 sending message 105 to peer 0x120008000 (13 bytes)
1770658784.390381 sending message 105 to peer 0x120008000 (62 bytes)
1770658784.390383 sending message 105 to peer 0x120008000 (13 bytes)
1770658784.390386 sending message 105 to peer 0x120008000 (13 bytes)
1770658784.390388 sending message 105 to peer 0x120008000 (14 bytes)
1770658784.390390 sending message 105 to peer 0x120008000 (19 bytes)
1770658784.390392 sending message 105 to peer 0x120008000 (30 bytes)
1770658784.390394 sending message 105 to peer 0x120008000 (42 bytes)
1770658784.390396 sending message 105 to peer 0x120008000 (38 bytes)
1770658784.390398 sending message 105 to peer 0x120008000 (25 bytes)
1770658784.390401 sending message 106 to peer 0x120008000 (0 bytes)
1770658784.390444 sending message 200 to peer 0x120008000 (4 bytes)
1770658784.390448 client loop enter
1770658784.390767 peer 0x120008000 message 303
1770658784.390774 open write file 2 -
1770658784.390782 sending message 305 to peer 0x120008000 (8 bytes)
1770658784.390791 write check file 2
1770658784.390810 peer 0x120008000 message 304
1770658784.390813 write 58 to file 2
1770658784.390816 peer 0x120008000 message 203
1770658784.390819 file 2 58 bytes left
1770658784.390828 write check file 2
1770658784.390830 client loop exit
